Summary of SPARK analysis
=========================

-------------------------------------------------------------------------------------------
SPARK Analysis results        Total      Flow   CodePeer     Provers   Justified   Unproved
-------------------------------------------------------------------------------------------
Data Dependencies                 .         .          .           .           .          .
Flow Dependencies                 .         .          .           .           .          .
Initialization                    .         .          .           .           .          .
Non-Aliasing                      .         .          .           .           .          .
Run-time Checks                  12         .          .    5 (CVC4)           .          7
Assertions                        3         .          .    1 (CVC4)           .          2
Functional Contracts              .         .          .           .           .          .
LSP Verification                  .         .          .           .           .          .
Termination                       .         .          .           .           .          .
Concurrency                       .         .          .           .           .          .
-------------------------------------------------------------------------------------------
Total                            15         .          .     6 (40%)           .    9 (60%)


max steps used for successful proof: 1

Analyzed 2 units
in unit main, 0 subprograms and packages out of 1 analyzed
  Main at main.adb:4 skipped
in unit poly, 2 subprograms and packages out of 2 analyzed
  Poly at poly.ads:1 flow analyzed (0 errors, 0 checks and 0 warnings) and proved (0 checks)
  Poly.Horner at poly.ads:5 flow analyzed (0 errors, 0 checks and 0 warnings) and not proved, 6 checks out of 15 proved
