2019-12-04 13:10:52,646 [Worker-1: Loading available Gradle versions] INFO  o.e.b.c.i.u.g.PublishedGradleVersions - Gradle version information cache is up-to-date. Trying to read.
2019-12-04 13:11:12,707 [Worker-6: Importing Maven projects] INFO  o.e.m.c.i.l.LifecycleMappingFactory - Using org.eclipse.m2e.jdt.JarLifecycleMapping lifecycle mapping for MavenProject: com.ifgw.go:go:0.0.1-SNAPSHOT @ /home/gabriel/Desktop/goForShow/gold_welcomePine/GoProject/pom.xml.
2019-12-04 13:11:13,197 [Worker-6: Importing Maven projects] INFO  o.e.m.j.i.AbstractJavaProjectConfigurator - Adding source folder /go/src/main/java
2019-12-04 13:11:13,198 [Worker-6: Importing Maven projects] INFO  o.e.m.j.i.AbstractJavaProjectConfigurator - Adding source folder /go/src/test/java
2019-12-04 13:11:13,234 [Worker-6: Importing Maven projects] INFO  o.e.m.c.i.p.ProjectConfigurationManager - Imported and configured 1 project(s) in 1 sec
2019-12-04 13:11:14,604 [Worker-4: Building workspace] WARN  o.e.m.c.i.embedder.EclipseLogger - Using platform encoding (UTF-8 actually) to copy filtered resources, i.e. build is platform dependent!
2019-12-04 13:11:14,616 [Worker-4: Building workspace] INFO  o.e.m.c.i.embedder.EclipseLogger - skip non existing resourceDirectory /home/gabriel/Desktop/goForShow/gold_welcomePine/GoProject/src/main/resources
2019-12-04 13:11:14,622 [Worker-4: Building workspace] WARN  o.e.m.c.i.embedder.EclipseLogger - Using platform encoding (UTF-8 actually) to copy filtered resources, i.e. build is platform dependent!
2019-12-04 13:11:14,623 [Worker-4: Building workspace] INFO  o.e.m.c.i.embedder.EclipseLogger - skip non existing resourceDirectory /home/gabriel/Desktop/goForShow/gold_welcomePine/GoProject/src/test/resources
2019-12-04 13:11:30,099 [Worker-9: Building workspace] WARN  o.e.m.c.i.embedder.EclipseLogger - Using platform encoding (UTF-8 actually) to copy filtered resources, i.e. build is platform dependent!
2019-12-04 13:11:30,100 [Worker-9: Building workspace] INFO  o.e.m.c.i.embedder.EclipseLogger - skip non existing resourceDirectory /home/gabriel/Desktop/goForShow/gold_welcomePine/GoProject/src/main/resources
2019-12-04 13:11:30,101 [Worker-9: Building workspace] WARN  o.e.m.c.i.embedder.EclipseLogger - Using platform encoding (UTF-8 actually) to copy filtered resources, i.e. build is platform dependent!
2019-12-04 13:11:30,102 [Worker-9: Building workspace] INFO  o.e.m.c.i.embedder.EclipseLogger - skip non existing resourceDirectory /home/gabriel/Desktop/goForShow/gold_welcomePine/GoProject/src/test/resources
2019-12-04 13:12:44,575 [Worker-15: Building workspace] WARN  o.e.m.c.i.embedder.EclipseLogger - Using platform encoding (UTF-8 actually) to copy filtered resources, i.e. build is platform dependent!
2019-12-04 13:12:44,575 [Worker-15: Building workspace] INFO  o.e.m.c.i.embedder.EclipseLogger - skip non existing resourceDirectory /home/gabriel/Desktop/goForShow/gold_welcomePine/GoProject/src/main/resources
2019-12-04 13:12:44,577 [Worker-15: Building workspace] WARN  o.e.m.c.i.embedder.EclipseLogger - Using platform encoding (UTF-8 actually) to copy filtered resources, i.e. build is platform dependent!
2019-12-04 13:12:44,578 [Worker-15: Building workspace] INFO  o.e.m.c.i.embedder.EclipseLogger - skip non existing resourceDirectory /home/gabriel/Desktop/goForShow/gold_welcomePine/GoProject/src/test/resources
2019-12-04 13:17:37,027 [Worker-0: Building workspace] WARN  o.e.m.c.i.embedder.EclipseLogger - Using platform encoding (UTF-8 actually) to copy filtered resources, i.e. build is platform dependent!
2019-12-04 13:17:37,028 [Worker-0: Building workspace] INFO  o.e.m.c.i.embedder.EclipseLogger - skip non existing resourceDirectory /home/gabriel/Desktop/goForShow/gold_welcomePine/GoProject/src/main/resources
2019-12-04 13:17:37,030 [Worker-0: Building workspace] WARN  o.e.m.c.i.embedder.EclipseLogger - Using platform encoding (UTF-8 actually) to copy filtered resources, i.e. build is platform dependent!
2019-12-04 13:17:37,031 [Worker-0: Building workspace] INFO  o.e.m.c.i.embedder.EclipseLogger - skip non existing resourceDirectory /home/gabriel/Desktop/goForShow/gold_welcomePine/GoProject/src/test/resources
2019-12-04 13:17:52,489 [Worker-5: Building workspace] WARN  o.e.m.c.i.embedder.EclipseLogger - Using platform encoding (UTF-8 actually) to copy filtered resources, i.e. build is platform dependent!
2019-12-04 13:17:52,490 [Worker-5: Building workspace] INFO  o.e.m.c.i.embedder.EclipseLogger - skip non existing resourceDirectory /home/gabriel/Desktop/goForShow/gold_welcomePine/GoProject/src/main/resources
2019-12-04 13:17:52,492 [Worker-5: Building workspace] WARN  o.e.m.c.i.embedder.EclipseLogger - Using platform encoding (UTF-8 actually) to copy filtered resources, i.e. build is platform dependent!
2019-12-04 13:17:52,493 [Worker-5: Building workspace] INFO  o.e.m.c.i.embedder.EclipseLogger - skip non existing resourceDirectory /home/gabriel/Desktop/goForShow/gold_welcomePine/GoProject/src/test/resources
2019-12-04 13:18:03,639 [Worker-12: Building workspace] WARN  o.e.m.c.i.embedder.EclipseLogger - Using platform encoding (UTF-8 actually) to copy filtered resources, i.e. build is platform dependent!
2019-12-04 13:18:03,640 [Worker-12: Building workspace] INFO  o.e.m.c.i.embedder.EclipseLogger - skip non existing resourceDirectory /home/gabriel/Desktop/goForShow/gold_welcomePine/GoProject/src/main/resources
2019-12-04 13:18:03,642 [Worker-12: Building workspace] WARN  o.e.m.c.i.embedder.EclipseLogger - Using platform encoding (UTF-8 actually) to copy filtered resources, i.e. build is platform dependent!
2019-12-04 13:18:03,642 [Worker-12: Building workspace] INFO  o.e.m.c.i.embedder.EclipseLogger - skip non existing resourceDirectory /home/gabriel/Desktop/goForShow/gold_welcomePine/GoProject/src/test/resources
2019-12-04 13:18:18,484 [Worker-11: Building workspace] WARN  o.e.m.c.i.embedder.EclipseLogger - Using platform encoding (UTF-8 actually) to copy filtered resources, i.e. build is platform dependent!
2019-12-04 13:18:18,485 [Worker-11: Building workspace] INFO  o.e.m.c.i.embedder.EclipseLogger - skip non existing resourceDirectory /home/gabriel/Desktop/goForShow/gold_welcomePine/GoProject/src/main/resources
2019-12-04 13:18:18,486 [Worker-11: Building workspace] WARN  o.e.m.c.i.embedder.EclipseLogger - Using platform encoding (UTF-8 actually) to copy filtered resources, i.e. build is platform dependent!
2019-12-04 13:18:18,487 [Worker-11: Building workspace] INFO  o.e.m.c.i.embedder.EclipseLogger - skip non existing resourceDirectory /home/gabriel/Desktop/goForShow/gold_welcomePine/GoProject/src/test/resources
2019-12-04 13:18:24,188 [Worker-5: Building workspace] WARN  o.e.m.c.i.embedder.EclipseLogger - Using platform encoding (UTF-8 actually) to copy filtered resources, i.e. build is platform dependent!
2019-12-04 13:18:24,189 [Worker-5: Building workspace] INFO  o.e.m.c.i.embedder.EclipseLogger - skip non existing resourceDirectory /home/gabriel/Desktop/goForShow/gold_welcomePine/GoProject/src/main/resources
2019-12-04 13:18:24,191 [Worker-5: Building workspace] WARN  o.e.m.c.i.embedder.EclipseLogger - Using platform encoding (UTF-8 actually) to copy filtered resources, i.e. build is platform dependent!
2019-12-04 13:18:24,191 [Worker-5: Building workspace] INFO  o.e.m.c.i.embedder.EclipseLogger - skip non existing resourceDirectory /home/gabriel/Desktop/goForShow/gold_welcomePine/GoProject/src/test/resources
2019-12-04 13:18:27,728 [Worker-0: Building workspace] WARN  o.e.m.c.i.embedder.EclipseLogger - Using platform encoding (UTF-8 actually) to copy filtered resources, i.e. build is platform dependent!
2019-12-04 13:18:27,729 [Worker-0: Building workspace] INFO  o.e.m.c.i.embedder.EclipseLogger - skip non existing resourceDirectory /home/gabriel/Desktop/goForShow/gold_welcomePine/GoProject/src/main/resources
2019-12-04 13:18:27,731 [Worker-0: Building workspace] WARN  o.e.m.c.i.embedder.EclipseLogger - Using platform encoding (UTF-8 actually) to copy filtered resources, i.e. build is platform dependent!
2019-12-04 13:18:27,731 [Worker-0: Building workspace] INFO  o.e.m.c.i.embedder.EclipseLogger - skip non existing resourceDirectory /home/gabriel/Desktop/goForShow/gold_welcomePine/GoProject/src/test/resources
2019-12-04 13:18:37,187 [Worker-10: Building workspace] WARN  o.e.m.c.i.embedder.EclipseLogger - Using platform encoding (UTF-8 actually) to copy filtered resources, i.e. build is platform dependent!
2019-12-04 13:18:37,187 [Worker-10: Building workspace] INFO  o.e.m.c.i.embedder.EclipseLogger - skip non existing resourceDirectory /home/gabriel/Desktop/goForShow/gold_welcomePine/GoProject/src/main/resources
2019-12-04 13:18:37,188 [Worker-10: Building workspace] WARN  o.e.m.c.i.embedder.EclipseLogger - Using platform encoding (UTF-8 actually) to copy filtered resources, i.e. build is platform dependent!
2019-12-04 13:18:37,189 [Worker-10: Building workspace] INFO  o.e.m.c.i.embedder.EclipseLogger - skip non existing resourceDirectory /home/gabriel/Desktop/goForShow/gold_welcomePine/GoProject/src/test/resources
2019-12-04 13:19:02,089 [Worker-5: Building workspace] WARN  o.e.m.c.i.embedder.EclipseLogger - Using platform encoding (UTF-8 actually) to copy filtered resources, i.e. build is platform dependent!
2019-12-04 13:19:02,090 [Worker-5: Building workspace] INFO  o.e.m.c.i.embedder.EclipseLogger - skip non existing resourceDirectory /home/gabriel/Desktop/goForShow/gold_welcomePine/GoProject/src/main/resources
2019-12-04 13:19:02,091 [Worker-5: Building workspace] WARN  o.e.m.c.i.embedder.EclipseLogger - Using platform encoding (UTF-8 actually) to copy filtered resources, i.e. build is platform dependent!
2019-12-04 13:19:02,092 [Worker-5: Building workspace] INFO  o.e.m.c.i.embedder.EclipseLogger - skip non existing resourceDirectory /home/gabriel/Desktop/goForShow/gold_welcomePine/GoProject/src/test/resources
2019-12-04 13:19:52,178 [Worker-0: Building workspace] WARN  o.e.m.c.i.embedder.EclipseLogger - Using platform encoding (UTF-8 actually) to copy filtered resources, i.e. build is platform dependent!
2019-12-04 13:19:52,179 [Worker-0: Building workspace] INFO  o.e.m.c.i.embedder.EclipseLogger - skip non existing resourceDirectory /home/gabriel/Desktop/goForShow/gold_welcomePine/GoProject/src/main/resources
2019-12-04 13:19:52,180 [Worker-0: Building workspace] WARN  o.e.m.c.i.embedder.EclipseLogger - Using platform encoding (UTF-8 actually) to copy filtered resources, i.e. build is platform dependent!
2019-12-04 13:19:52,181 [Worker-0: Building workspace] INFO  o.e.m.c.i.embedder.EclipseLogger - skip non existing resourceDirectory /home/gabriel/Desktop/goForShow/gold_welcomePine/GoProject/src/test/resources
2019-12-04 13:21:21,539 [Worker-12: Building workspace] WARN  o.e.m.c.i.embedder.EclipseLogger - Using platform encoding (UTF-8 actually) to copy filtered resources, i.e. build is platform dependent!
2019-12-04 13:21:21,540 [Worker-12: Building workspace] INFO  o.e.m.c.i.embedder.EclipseLogger - skip non existing resourceDirectory /home/gabriel/Desktop/goForShow/gold_welcomePine/GoProject/src/main/resources
2019-12-04 13:21:21,541 [Worker-12: Building workspace] WARN  o.e.m.c.i.embedder.EclipseLogger - Using platform encoding (UTF-8 actually) to copy filtered resources, i.e. build is platform dependent!
2019-12-04 13:21:21,541 [Worker-12: Building workspace] INFO  o.e.m.c.i.embedder.EclipseLogger - skip non existing resourceDirectory /home/gabriel/Desktop/goForShow/gold_welcomePine/GoProject/src/test/resources
2019-12-04 13:21:31,839 [Worker-12: Building workspace] WARN  o.e.m.c.i.embedder.EclipseLogger - Using platform encoding (UTF-8 actually) to copy filtered resources, i.e. build is platform dependent!
2019-12-04 13:21:31,840 [Worker-12: Building workspace] INFO  o.e.m.c.i.embedder.EclipseLogger - skip non existing resourceDirectory /home/gabriel/Desktop/goForShow/gold_welcomePine/GoProject/src/main/resources
2019-12-04 13:21:31,840 [Worker-12: Building workspace] WARN  o.e.m.c.i.embedder.EclipseLogger - Using platform encoding (UTF-8 actually) to copy filtered resources, i.e. build is platform dependent!
2019-12-04 13:21:31,841 [Worker-12: Building workspace] INFO  o.e.m.c.i.embedder.EclipseLogger - skip non existing resourceDirectory /home/gabriel/Desktop/goForShow/gold_welcomePine/GoProject/src/test/resources
2019-12-04 13:22:04,155 [Worker-16: Building workspace] WARN  o.e.m.c.i.embedder.EclipseLogger - Using platform encoding (UTF-8 actually) to copy filtered resources, i.e. build is platform dependent!
2019-12-04 13:22:04,156 [Worker-16: Building workspace] INFO  o.e.m.c.i.embedder.EclipseLogger - skip non existing resourceDirectory /home/gabriel/Desktop/goForShow/gold_welcomePine/GoProject/src/main/resources
2019-12-04 13:22:04,158 [Worker-16: Building workspace] WARN  o.e.m.c.i.embedder.EclipseLogger - Using platform encoding (UTF-8 actually) to copy filtered resources, i.e. build is platform dependent!
2019-12-04 13:22:04,159 [Worker-16: Building workspace] INFO  o.e.m.c.i.embedder.EclipseLogger - skip non existing resourceDirectory /home/gabriel/Desktop/goForShow/gold_welcomePine/GoProject/src/test/resources
2019-12-04 13:22:50,272 [Worker-5: Building workspace] WARN  o.e.m.c.i.embedder.EclipseLogger - Using platform encoding (UTF-8 actually) to copy filtered resources, i.e. build is platform dependent!
2019-12-04 13:22:50,274 [Worker-5: Building workspace] INFO  o.e.m.c.i.embedder.EclipseLogger - skip non existing resourceDirectory /home/gabriel/Desktop/goForShow/gold_welcomePine/GoProject/src/main/resources
2019-12-04 13:22:50,277 [Worker-5: Building workspace] WARN  o.e.m.c.i.embedder.EclipseLogger - Using platform encoding (UTF-8 actually) to copy filtered resources, i.e. build is platform dependent!
2019-12-04 13:22:50,278 [Worker-5: Building workspace] INFO  o.e.m.c.i.embedder.EclipseLogger - skip non existing resourceDirectory /home/gabriel/Desktop/goForShow/gold_welcomePine/GoProject/src/test/resources
2019-12-04 13:23:11,201 [Worker-10: Building workspace] WARN  o.e.m.c.i.embedder.EclipseLogger - Using platform encoding (UTF-8 actually) to copy filtered resources, i.e. build is platform dependent!
2019-12-04 13:23:11,202 [Worker-10: Building workspace] INFO  o.e.m.c.i.embedder.EclipseLogger - skip non existing resourceDirectory /home/gabriel/Desktop/goForShow/gold_welcomePine/GoProject/src/main/resources
2019-12-04 13:23:11,203 [Worker-10: Building workspace] WARN  o.e.m.c.i.embedder.EclipseLogger - Using platform encoding (UTF-8 actually) to copy filtered resources, i.e. build is platform dependent!
2019-12-04 13:23:11,203 [Worker-10: Building workspace] INFO  o.e.m.c.i.embedder.EclipseLogger - skip non existing resourceDirectory /home/gabriel/Desktop/goForShow/gold_welcomePine/GoProject/src/test/resources
2019-12-04 13:25:38,405 [Worker-0: Building workspace] WARN  o.e.m.c.i.embedder.EclipseLogger - Using platform encoding (UTF-8 actually) to copy filtered resources, i.e. build is platform dependent!
2019-12-04 13:25:38,406 [Worker-0: Building workspace] INFO  o.e.m.c.i.embedder.EclipseLogger - skip non existing resourceDirectory /home/gabriel/Desktop/goForShow/gold_welcomePine/GoProject/src/main/resources
2019-12-04 13:25:38,407 [Worker-0: Building workspace] WARN  o.e.m.c.i.embedder.EclipseLogger - Using platform encoding (UTF-8 actually) to copy filtered resources, i.e. build is platform dependent!
2019-12-04 13:25:38,407 [Worker-0: Building workspace] INFO  o.e.m.c.i.embedder.EclipseLogger - skip non existing resourceDirectory /home/gabriel/Desktop/goForShow/gold_welcomePine/GoProject/src/test/resources
2019-12-04 13:26:00,811 [Worker-16: Launching IntersectionTest] WARN  o.e.m.c.i.embedder.EclipseLogger - Using platform encoding (UTF-8 actually) to copy filtered resources, i.e. build is platform dependent!
2019-12-04 13:26:00,812 [Worker-16: Launching IntersectionTest] INFO  o.e.m.c.i.embedder.EclipseLogger - skip non existing resourceDirectory /home/gabriel/Desktop/goForShow/gold_welcomePine/GoProject/src/main/resources
2019-12-04 13:26:00,813 [Worker-16: Launching IntersectionTest] WARN  o.e.m.c.i.embedder.EclipseLogger - Using platform encoding (UTF-8 actually) to copy filtered resources, i.e. build is platform dependent!
2019-12-04 13:26:00,814 [Worker-16: Launching IntersectionTest] INFO  o.e.m.c.i.embedder.EclipseLogger - skip non existing resourceDirectory /home/gabriel/Desktop/goForShow/gold_welcomePine/GoProject/src/test/resources
2019-12-04 13:26:19,544 [Worker-0: Building workspace] WARN  o.e.m.c.i.embedder.EclipseLogger - Using platform encoding (UTF-8 actually) to copy filtered resources, i.e. build is platform dependent!
2019-12-04 13:26:19,545 [Worker-0: Building workspace] INFO  o.e.m.c.i.embedder.EclipseLogger - skip non existing resourceDirectory /home/gabriel/Desktop/goForShow/gold_welcomePine/GoProject/src/main/resources
2019-12-04 13:26:19,546 [Worker-0: Building workspace] WARN  o.e.m.c.i.embedder.EclipseLogger - Using platform encoding (UTF-8 actually) to copy filtered resources, i.e. build is platform dependent!
2019-12-04 13:26:19,546 [Worker-0: Building workspace] INFO  o.e.m.c.i.embedder.EclipseLogger - skip non existing resourceDirectory /home/gabriel/Desktop/goForShow/gold_welcomePine/GoProject/src/test/resources
2019-12-04 13:26:57,040 [Worker-12: Building workspace] WARN  o.e.m.c.i.embedder.EclipseLogger - Using platform encoding (UTF-8 actually) to copy filtered resources, i.e. build is platform dependent!
2019-12-04 13:26:57,040 [Worker-12: Building workspace] INFO  o.e.m.c.i.embedder.EclipseLogger - skip non existing resourceDirectory /home/gabriel/Desktop/goForShow/gold_welcomePine/GoProject/src/main/resources
2019-12-04 13:26:57,041 [Worker-12: Building workspace] WARN  o.e.m.c.i.embedder.EclipseLogger - Using platform encoding (UTF-8 actually) to copy filtered resources, i.e. build is platform dependent!
2019-12-04 13:26:57,042 [Worker-12: Building workspace] INFO  o.e.m.c.i.embedder.EclipseLogger - skip non existing resourceDirectory /home/gabriel/Desktop/goForShow/gold_welcomePine/GoProject/src/test/resources
2019-12-04 13:30:23,555 [Worker-0: Building workspace] WARN  o.e.m.c.i.embedder.EclipseLogger - Using platform encoding (UTF-8 actually) to copy filtered resources, i.e. build is platform dependent!
2019-12-04 13:30:23,555 [Worker-0: Building workspace] INFO  o.e.m.c.i.embedder.EclipseLogger - skip non existing resourceDirectory /home/gabriel/Desktop/goForShow/gold_welcomePine/GoProject/src/main/resources
2019-12-04 13:30:23,557 [Worker-0: Building workspace] WARN  o.e.m.c.i.embedder.EclipseLogger - Using platform encoding (UTF-8 actually) to copy filtered resources, i.e. build is platform dependent!
2019-12-04 13:30:23,558 [Worker-0: Building workspace] INFO  o.e.m.c.i.embedder.EclipseLogger - skip non existing resourceDirectory /home/gabriel/Desktop/goForShow/gold_welcomePine/GoProject/src/test/resources
2019-12-04 13:30:46,449 [Worker-5: Building workspace] WARN  o.e.m.c.i.embedder.EclipseLogger - Using platform encoding (UTF-8 actually) to copy filtered resources, i.e. build is platform dependent!
2019-12-04 13:30:46,450 [Worker-5: Building workspace] INFO  o.e.m.c.i.embedder.EclipseLogger - skip non existing resourceDirectory /home/gabriel/Desktop/goForShow/gold_welcomePine/GoProject/src/main/resources
2019-12-04 13:30:46,451 [Worker-5: Building workspace] WARN  o.e.m.c.i.embedder.EclipseLogger - Using platform encoding (UTF-8 actually) to copy filtered resources, i.e. build is platform dependent!
2019-12-04 13:30:46,451 [Worker-5: Building workspace] INFO  o.e.m.c.i.embedder.EclipseLogger - skip non existing resourceDirectory /home/gabriel/Desktop/goForShow/gold_welcomePine/GoProject/src/test/resources
2019-12-04 13:32:38,524 [Worker-0: Building workspace] WARN  o.e.m.c.i.embedder.EclipseLogger - Using platform encoding (UTF-8 actually) to copy filtered resources, i.e. build is platform dependent!
2019-12-04 13:32:38,527 [Worker-0: Building workspace] INFO  o.e.m.c.i.embedder.EclipseLogger - skip non existing resourceDirectory /home/gabriel/Desktop/goForShow/gold_welcomePine/GoProject/src/main/resources
2019-12-04 13:32:38,529 [Worker-0: Building workspace] WARN  o.e.m.c.i.embedder.EclipseLogger - Using platform encoding (UTF-8 actually) to copy filtered resources, i.e. build is platform dependent!
2019-12-04 13:32:38,531 [Worker-0: Building workspace] INFO  o.e.m.c.i.embedder.EclipseLogger - skip non existing resourceDirectory /home/gabriel/Desktop/goForShow/gold_welcomePine/GoProject/src/test/resources
2019-12-04 13:33:11,146 [Worker-18: Building workspace] WARN  o.e.m.c.i.embedder.EclipseLogger - Using platform encoding (UTF-8 actually) to copy filtered resources, i.e. build is platform dependent!
2019-12-04 13:33:11,146 [Worker-18: Building workspace] INFO  o.e.m.c.i.embedder.EclipseLogger - skip non existing resourceDirectory /home/gabriel/Desktop/goForShow/gold_welcomePine/GoProject/src/main/resources
2019-12-04 13:33:11,147 [Worker-18: Building workspace] WARN  o.e.m.c.i.embedder.EclipseLogger - Using platform encoding (UTF-8 actually) to copy filtered resources, i.e. build is platform dependent!
2019-12-04 13:33:11,148 [Worker-18: Building workspace] INFO  o.e.m.c.i.embedder.EclipseLogger - skip non existing resourceDirectory /home/gabriel/Desktop/goForShow/gold_welcomePine/GoProject/src/test/resources
2019-12-04 13:34:17,137 [Worker-20: Building workspace] WARN  o.e.m.c.i.embedder.EclipseLogger - Using platform encoding (UTF-8 actually) to copy filtered resources, i.e. build is platform dependent!
2019-12-04 13:34:17,138 [Worker-20: Building workspace] INFO  o.e.m.c.i.embedder.EclipseLogger - skip non existing resourceDirectory /home/gabriel/Desktop/goForShow/gold_welcomePine/GoProject/src/main/resources
2019-12-04 13:34:17,140 [Worker-20: Building workspace] WARN  o.e.m.c.i.embedder.EclipseLogger - Using platform encoding (UTF-8 actually) to copy filtered resources, i.e. build is platform dependent!
2019-12-04 13:34:17,141 [Worker-20: Building workspace] INFO  o.e.m.c.i.embedder.EclipseLogger - skip non existing resourceDirectory /home/gabriel/Desktop/goForShow/gold_welcomePine/GoProject/src/test/resources
2019-12-04 13:35:38,792 [Worker-20: Building workspace] WARN  o.e.m.c.i.embedder.EclipseLogger - Using platform encoding (UTF-8 actually) to copy filtered resources, i.e. build is platform dependent!
2019-12-04 13:35:38,793 [Worker-20: Building workspace] INFO  o.e.m.c.i.embedder.EclipseLogger - skip non existing resourceDirectory /home/gabriel/Desktop/goForShow/gold_welcomePine/GoProject/src/main/resources
2019-12-04 13:35:38,795 [Worker-20: Building workspace] WARN  o.e.m.c.i.embedder.EclipseLogger - Using platform encoding (UTF-8 actually) to copy filtered resources, i.e. build is platform dependent!
2019-12-04 13:35:38,795 [Worker-20: Building workspace] INFO  o.e.m.c.i.embedder.EclipseLogger - skip non existing resourceDirectory /home/gabriel/Desktop/goForShow/gold_welcomePine/GoProject/src/test/resources
2019-12-04 13:35:51,336 [Worker-5: Building workspace] WARN  o.e.m.c.i.embedder.EclipseLogger - Using platform encoding (UTF-8 actually) to copy filtered resources, i.e. build is platform dependent!
2019-12-04 13:35:51,337 [Worker-5: Building workspace] INFO  o.e.m.c.i.embedder.EclipseLogger - skip non existing resourceDirectory /home/gabriel/Desktop/goForShow/gold_welcomePine/GoProject/src/main/resources
2019-12-04 13:35:51,338 [Worker-5: Building workspace] WARN  o.e.m.c.i.embedder.EclipseLogger - Using platform encoding (UTF-8 actually) to copy filtered resources, i.e. build is platform dependent!
2019-12-04 13:35:51,339 [Worker-5: Building workspace] INFO  o.e.m.c.i.embedder.EclipseLogger - skip non existing resourceDirectory /home/gabriel/Desktop/goForShow/gold_welcomePine/GoProject/src/test/resources
2019-12-04 13:36:36,496 [Worker-0: Building workspace] WARN  o.e.m.c.i.embedder.EclipseLogger - Using platform encoding (UTF-8 actually) to copy filtered resources, i.e. build is platform dependent!
2019-12-04 13:36:36,497 [Worker-0: Building workspace] INFO  o.e.m.c.i.embedder.EclipseLogger - skip non existing resourceDirectory /home/gabriel/Desktop/goForShow/gold_welcomePine/GoProject/src/main/resources
2019-12-04 13:36:36,498 [Worker-0: Building workspace] WARN  o.e.m.c.i.embedder.EclipseLogger - Using platform encoding (UTF-8 actually) to copy filtered resources, i.e. build is platform dependent!
2019-12-04 13:36:36,499 [Worker-0: Building workspace] INFO  o.e.m.c.i.embedder.EclipseLogger - skip non existing resourceDirectory /home/gabriel/Desktop/goForShow/gold_welcomePine/GoProject/src/test/resources
