Summary of SPARK analysis
=========================

------------------------------------------------------------------------------------------------------------
SPARK Analysis results        Total      Flow   CodePeer                      Provers   Justified   Unproved
------------------------------------------------------------------------------------------------------------
Data Dependencies                 .         .          .                            .           .          .
Flow Dependencies                 .         .          .                            .           .          .
Initialization                    .         .          .                            .           .          .
Non-Aliasing                      .         .          .                            .           .          .
Run-time Checks                  14         .          .    14 (CVC4 92%, Trivial 8%)           .          .
Assertions                        2         .          .                     2 (CVC4)           .          .
Functional Contracts              1         .          .                     1 (CVC4)           .          .
LSP Verification                  .         .          .                            .           .          .
Termination                       .         .          .                            .           .          .
Concurrency                       .         .          .                            .           .          .
------------------------------------------------------------------------------------------------------------
Total                            17         .          .                    17 (100%)           .          .


max steps used for successful proof: 1

Analyzed 2 units
in unit main, 0 subprograms and packages out of 1 analyzed
  Main at main.adb:4 skipped
in unit rev, 1 subprograms and packages out of 1 analyzed
  Rev at rev.adb:3 flow analyzed (0 errors, 0 checks and 0 warnings) and proved (17 checks)
