Summary of SPARK analysis
=========================

-------------------------------------------------------------------------------------------------------------------------------
SPARK Analysis results        Total      Flow   CodePeer                                         Provers   Justified   Unproved
-------------------------------------------------------------------------------------------------------------------------------
Data Dependencies                 .         .          .                                               .           .          .
Flow Dependencies                 .         .          .                                               .           .          .
Initialization                    .         .          .                                               .           .          .
Non-Aliasing                      .         .          .                                               .           .          .
Run-time Checks                  11         .          .    9 (CVC4 64%, Trivial 9%, Z3 18%, altergo 9%)           .          2
Assertions                        .         .          .                                               .           .          .
Functional Contracts              1         .          .                                     1 (altergo)           .          .
LSP Verification                  .         .          .                                               .           .          .
Termination                       .         .          .                                               .           .          .
Concurrency                       .         .          .                                               .           .          .
-------------------------------------------------------------------------------------------------------------------------------
Total                            12         .          .                                        10 (83%)           .    2 (17%)


max steps used for successful proof: 3843

Analyzed 2 units
in unit main, 0 subprograms and packages out of 1 analyzed
  Main at main.adb:4 skipped
in unit sqrt_test, 2 subprograms and packages out of 2 analyzed
  Sqrt_test at sqrt_test.ads:1 flow analyzed (0 errors, 0 checks and 0 warnings) and proved (0 checks)
  Sqrt_test.Sqrt at sqrt_test.ads:3 flow analyzed (0 errors, 0 checks and 0 warnings) and not proved, 10 checks out of 12 proved
