Summary of SPARK analysis
=========================

-------------------------------------------------------------------------------------------
SPARK Analysis results        Total      Flow   CodePeer     Provers   Justified   Unproved
-------------------------------------------------------------------------------------------
Data Dependencies                 .         .          .           .           .          .
Flow Dependencies                 .         .          .           .           .          .
Initialization                    .         .          .           .           .          .
Non-Aliasing                      .         .          .           .           .          .
Run-time Checks                   4         .          .    4 (CVC4)           .          .
Assertions                        .         .          .           .           .          .
Functional Contracts              .         .          .           .           .          .
LSP Verification                  .         .          .           .           .          .
Termination                       1         .          .           .           .          1
Concurrency                       .         .          .           .           .          .
-------------------------------------------------------------------------------------------
Total                             5         .          .     4 (80%)           .    1 (20%)


max steps used for successful proof: 1

Analyzed 2 units
in unit f, 1 subprograms and packages out of 1 analyzed
  F at f.adb:3 flow analyzed (0 errors, 0 checks and 0 warnings) and not proved, 4 checks out of 5 proved
in unit main, 0 subprograms and packages out of 1 analyzed
  Main at main.adb:4 skipped
