Summary of SPARK analysis
=========================

---------------------------------------------------------------------------------------------------------------------------------
SPARK Analysis results        Total      Flow   CodePeer                                           Provers   Justified   Unproved
---------------------------------------------------------------------------------------------------------------------------------
Data Dependencies                 .         .          .                                                 .           .          .
Flow Dependencies                 .         .          .                                                 .           .          .
Initialization                    .         .          .                                                 .           .          .
Non-Aliasing                      .         .          .                                                 .           .          .
Run-time Checks                  10         .          .    6 (CVC4 29%, Trivial 14%, Z3 29%, altergo 29%)           .          4
Assertions                        .         .          .                                                 .           .          .
Functional Contracts              1         .          .                                                 .           .          1
LSP Verification                  .         .          .                                                 .           .          .
Termination                       .         .          .                                                 .           .          .
Concurrency                       .         .          .                                                 .           .          .
---------------------------------------------------------------------------------------------------------------------------------
Total                            11         .          .                                           6 (55%)           .    5 (45%)


max steps used for successful proof: 3704

Analyzed 2 units
in unit main, 0 subprograms and packages out of 1 analyzed
  Main at main.adb:4 skipped
in unit sqrt_test, 2 subprograms and packages out of 2 analyzed
  Sqrt_test at sqrt_test.ads:1 flow analyzed (0 errors, 0 checks and 0 warnings) and proved (0 checks)
  Sqrt_test.Sqrt at sqrt_test.ads:3 flow analyzed (0 errors, 0 checks and 0 warnings) and not proved, 6 checks out of 11 proved
