Summary of SPARK analysis
=========================

-------------------------------------------------------------------------------------------
SPARK Analysis results        Total      Flow   CodePeer     Provers   Justified   Unproved
-------------------------------------------------------------------------------------------
Data Dependencies                 .         .          .           .           .          .
Flow Dependencies                 .         .          .           .           .          .
Initialization                    .         .          .           .           .          .
Non-Aliasing                      .         .          .           .           .          .
Run-time Checks                   5         .          .    3 (CVC4)           .          2
Assertions                        .         .          .           .           .          .
Functional Contracts              1         .          .           .           .          1
LSP Verification                  .         .          .           .           .          .
Termination                       .         .          .           .           .          .
Concurrency                       .         .          .           .           .          .
-------------------------------------------------------------------------------------------
Total                             6         .          .     3 (50%)           .    3 (50%)


max steps used for successful proof: 1

Analyzed 2 units
in unit main, 0 subprograms and packages out of 1 analyzed
  Main at main.adb:4 skipped
in unit mult_6502, 2 subprograms and packages out of 2 analyzed
  mult_6502 at mult_6502.ads:1 flow analyzed (0 errors, 0 checks and 0 warnings) and proved (0 checks)
  mult_6502.Mult at mult_6502.ads:3 flow analyzed (0 errors, 0 checks and 0 warnings) and not proved, 3 checks out of 6 proved
