Summary of SPARK analysis
=========================

------------------------------------------------------------------------------------------
SPARK Analysis results        Total       Flow   CodePeer   Provers   Justified   Unproved
------------------------------------------------------------------------------------------
Data Dependencies                 2          2          .         .           .          .
Flow Dependencies                 2          2          .         .           .          .
Initialization                    2          2          .         .           .          .
Non-Aliasing                      .          .          .         .           .          .
Run-time Checks                   .          .          .         .           .          .
Assertions                        .          .          .         .           .          .
Functional Contracts              2          .          .         .           .          2
LSP Verification                  .          .          .         .           .          .
Termination                       .          .          .         .           .          .
Concurrency                       .          .          .         .           .          .
------------------------------------------------------------------------------------------
Total                             8    6 (75%)          .         .           .    2 (25%)


max steps used for successful proof: 0

Analyzed 2 units
in unit main, 0 subprograms and packages out of 1 analyzed
  Main at main.adb:4 skipped
in unit railway, 5 subprograms and packages out of 5 analyzed
  Railway at railway.ads:1 flow analyzed (0 errors, 0 checks and 0 warnings) and proved (0 checks)
  Railway.Correct_Segments at railway.ads:55 flow analyzed (0 errors, 0 checks and 0 warnings) and proved (0 checks)
  Railway.Correct_Signals at railway.ads:39 flow analyzed (0 errors, 0 checks and 0 warnings) and proved (0 checks)
  Railway.Move_Train at railway.ads:74 flow analyzed (0 errors, 0 checks and 0 warnings) and not proved, 0 checks out of 1 proved
  Railway.Open_Route at railway.ads:67 flow analyzed (0 errors, 0 checks and 0 warnings) and not proved, 0 checks out of 1 proved
