Summary of SPARK analysis
=========================

-------------------------------------------------------------------------------------------------------------
SPARK Analysis results        Total       Flow   CodePeer                      Provers   Justified   Unproved
-------------------------------------------------------------------------------------------------------------
Data Dependencies                 .          .          .                            .           .          .
Flow Dependencies                 .          .          .                            .           .          .
Initialization                    2          2          .                            .           .          .
Non-Aliasing                      .          .          .                            .           .          .
Run-time Checks                   3          .          .                     3 (CVC4)           .          .
Assertions                        2          .          .                     2 (CVC4)           .          .
Functional Contracts              1          .          .    1 (CVC4 50%, Trivial 50%)           .          .
LSP Verification                  .          .          .                            .           .          .
Termination                       .          .          .                            .           .          .
Concurrency                       .          .          .                            .           .          .
-------------------------------------------------------------------------------------------------------------
Total                             8    2 (25%)          .                      6 (75%)           .          .


max steps used for successful proof: 1

Analyzed 2 units
in unit linear_search, 2 subprograms and packages out of 2 analyzed
  Linear_Search at linear_search.ads:1 flow analyzed (0 errors, 0 checks and 0 warnings) and proved (0 checks)
  Linear_Search.Search at linear_search.ads:9 flow analyzed (0 errors, 0 checks and 0 warnings) and proved (6 checks)
in unit main, 0 subprograms and packages out of 1 analyzed
  Main at main.adb:4 skipped
