Summary of SPARK analysis
=========================

------------------------------------------------------------------------------------------------------------
SPARK Analysis results        Total      Flow   CodePeer                      Provers   Justified   Unproved
------------------------------------------------------------------------------------------------------------
Data Dependencies                 .         .          .                            .           .          .
Flow Dependencies                 .         .          .                            .           .          .
Initialization                    .         .          .                            .           .          .
Non-Aliasing                      .         .          .                            .           .          .
Run-time Checks                   6         .          .                     6 (CVC4)           .          .
Assertions                        1         .          .    1 (CVC4 50%, Trivial 50%)           .          .
Functional Contracts              .         .          .                            .           .          .
LSP Verification                  .         .          .                            .           .          .
Termination                       1         .          .                            .           .          1
Concurrency                       .         .          .                            .           .          .
------------------------------------------------------------------------------------------------------------
Total                             8         .          .                      7 (88%)           .    1 (13%)


max steps used for successful proof: 1

Analyzed 2 units
in unit f, 1 subprograms and packages out of 1 analyzed
  F at f.adb:5 flow analyzed (0 errors, 0 checks and 0 warnings) and not proved, 7 checks out of 8 proved
in unit main, 0 subprograms and packages out of 1 analyzed
  Main at main.adb:4 skipped
