Summary of SPARK analysis
=========================

-------------------------------------------------------------------------------------------------------------
SPARK Analysis results        Total       Flow   CodePeer                      Provers   Justified   Unproved
-------------------------------------------------------------------------------------------------------------
Data Dependencies                 .          .          .                            .           .          .
Flow Dependencies                 .          .          .                            .           .          .
Initialization                    2          2          .                            .           .          .
Non-Aliasing                      .          .          .                            .           .          .
Run-time Checks                  13          .          .    13 (CVC4 98%, altergo 2%)           .          .
Assertions                        4          .          .                     2 (CVC4)           .          2
Functional Contracts              2          .          .                     2 (CVC4)           .          .
LSP Verification                  .          .          .                            .           .          .
Termination                       .          .          .                            .           .          .
Concurrency                       .          .          .                            .           .          .
-------------------------------------------------------------------------------------------------------------
Total                            21    2 (10%)          .                     17 (81%)           .    2 (10%)


max steps used for successful proof: 75

Analyzed 2 units
in unit main, 0 subprograms and packages out of 1 analyzed
  Main at main.adb:4 skipped
in unit selection, 3 subprograms and packages out of 3 analyzed
  Selection at selection.ads:1 flow analyzed (0 errors, 0 checks and 0 warnings) and proved (0 checks)
  Selection.Sort at selection.ads:11 flow analyzed (0 errors, 0 checks and 0 warnings) and not proved, 13 checks out of 15 proved
  Selection.Sorted at selection.ads:5 flow analyzed (0 errors, 0 checks and 0 warnings) and proved (4 checks)
