Summary of SPARK analysis
=========================

------------------------------------------------------------------------------------------------------------
SPARK Analysis results        Total      Flow   CodePeer                      Provers   Justified   Unproved
------------------------------------------------------------------------------------------------------------
Data Dependencies                 .         .          .                            .           .          .
Flow Dependencies                 .         .          .                            .           .          .
Initialization                    2         .          .                            .           .          2
Non-Aliasing                      .         .          .                            .           .          .
Run-time Checks                  13         .          .    13 (CVC4 97%, Trivial 3%)           .          .
Assertions                        2         .          .                     1 (CVC4)           .          1
Functional Contracts              1         .          .                     1 (CVC4)           .          .
LSP Verification                  .         .          .                            .           .          .
Termination                       .         .          .                            .           .          .
Concurrency                       .         .          .                            .           .          .
------------------------------------------------------------------------------------------------------------
Total                            18         .          .                     15 (83%)           .    3 (17%)


max steps used for successful proof: 1

Analyzed 2 units
in unit main, 0 subprograms and packages out of 1 analyzed
  Main at main.adb:4 skipped
in unit rev, 1 subprograms and packages out of 1 analyzed
  Rev at rev.adb:3 flow analyzed (0 errors, 2 checks and 0 warnings) and not proved, 15 checks out of 16 proved
