Summary of SPARK analysis
=========================

-------------------------------------------------------------------------------------------
SPARK Analysis results        Total      Flow   CodePeer     Provers   Justified   Unproved
-------------------------------------------------------------------------------------------
Data Dependencies                 .         .          .           .           .          .
Flow Dependencies                 .         .          .           .           .          .
Initialization                    2         .          .           .           .          2
Non-Aliasing                      .         .          .           .           .          .
Run-time Checks                   5         .          .    5 (CVC4)           .          .
Assertions                        .         .          .           .           .          .
Functional Contracts              1         .          .           .           .          1
LSP Verification                  .         .          .           .           .          .
Termination                       .         .          .           .           .          .
Concurrency                       .         .          .           .           .          .
-------------------------------------------------------------------------------------------
Total                             8         .          .     5 (63%)           .    3 (38%)


max steps used for successful proof: 1

Analyzed 2 units
in unit main, 0 subprograms and packages out of 1 analyzed
  Main at main.adb:4 skipped
in unit smallest_factor, 1 subprograms and packages out of 1 analyzed
  Smallest_factor at smallest_factor.adb:1 flow analyzed (0 errors, 2 checks and 0 warnings) and not proved, 5 checks out of 6 proved
   suppressed messages:
    smallest_factor.adb:1:28: 
