Summary of SPARK analysis
=========================

-------------------------------------------------------------------------------------------
SPARK Analysis results        Total      Flow   CodePeer     Provers   Justified   Unproved
-------------------------------------------------------------------------------------------
Data Dependencies                 .         .          .           .           .          .
Flow Dependencies                 .         .          .           .           .          .
Initialization                    .         .          .           .           .          .
Non-Aliasing                      .         .          .           .           .          .
Run-time Checks                   5         .          .    5 (CVC4)           .          .
Assertions                        2         .          .    2 (CVC4)           .          .
Functional Contracts              .         .          .           .           .          .
LSP Verification                  .         .          .           .           .          .
Termination                       1         .          .    1 (CVC4)           .          .
Concurrency                       .         .          .           .           .          .
-------------------------------------------------------------------------------------------
Total                             8         .          .    8 (100%)           .          .


max steps used for successful proof: 1

Analyzed 2 units
in unit f, 1 subprograms and packages out of 1 analyzed
  F at f.adb:5 flow analyzed (0 errors, 0 checks and 0 warnings) and proved (8 checks)
in unit main, 0 subprograms and packages out of 1 analyzed
  Main at main.adb:4 skipped
