Summary of SPARK analysis
=========================

------------------------------------------------------------------------------------------
SPARK Analysis results        Total       Flow   CodePeer   Provers   Justified   Unproved
------------------------------------------------------------------------------------------
Data Dependencies                 .          .          .         .           .          .
Flow Dependencies                 1          .          .         .           .          1
Initialization                    2          2          .         .           .          .
Non-Aliasing                      .          .          .         .           .          .
Run-time Checks                   .          .          .         .           .          .
Assertions                        .          .          .         .           .          .
Functional Contracts              .          .          .         .           .          .
LSP Verification                  .          .          .         .           .          .
Termination                       .          .          .         .           .          .
Concurrency                       .          .          .         .           .          .
------------------------------------------------------------------------------------------
Total                             3    2 (67%)          .         .           .    1 (33%)


max steps used for successful proof: 0

Analyzed 2 units
in unit main, 0 subprograms and packages out of 1 analyzed
  Main at main.adb:4 skipped
in unit poly, 2 subprograms and packages out of 2 analyzed
  Poly at poly.ads:1 flow analyzed (0 errors, 0 checks and 0 warnings) and proved (0 checks)
  Poly.Horner at poly.ads:3 flow analyzed (0 errors, 1 checks and 0 warnings) and proved (0 checks)
