Summary of SPARK analysis
=========================

------------------------------------------------------------------------------------------------------------
SPARK Analysis results        Total      Flow   CodePeer                      Provers   Justified   Unproved
------------------------------------------------------------------------------------------------------------
Data Dependencies                 .         .          .                            .           .          .
Flow Dependencies                 .         .          .                            .           .          .
Initialization                    .         .          .                            .           .          .
Non-Aliasing                      .         .          .                            .           .          .
Run-time Checks                   6         .          .                     6 (CVC4)           .          .
Assertions                        3         .          .    3 (CVC4 75%, Trivial 25%)           .          .
Functional Contracts              .         .          .                            .           .          .
LSP Verification                  .         .          .                            .           .          .
Termination                       .         .          .                            .           .          .
Concurrency                       .         .          .                            .           .          .
------------------------------------------------------------------------------------------------------------
Total                             9         .          .                     9 (100%)           .          .


max steps used for successful proof: 1

Analyzed 2 units
in unit f, 1 subprograms and packages out of 1 analyzed
  F at f.adb:5 flow analyzed (0 errors, 0 checks and 0 warnings) and proved (9 checks)
in unit main, 0 subprograms and packages out of 1 analyzed
  Main at main.adb:4 skipped
