Summary of SPARK analysis
=========================

-------------------------------------------------------------------------------------------
SPARK Analysis results        Total      Flow   CodePeer     Provers   Justified   Unproved
-------------------------------------------------------------------------------------------
Data Dependencies                 .         .          .           .           .          .
Flow Dependencies                 .         .          .           .           .          .
Initialization                    .         .          .           .           .          .
Non-Aliasing                      .         .          .           .           .          .
Run-time Checks                   3         .          .    3 (CVC4)           .          .
Assertions                        .         .          .           .           .          .
Functional Contracts              1         .          .           .           .          1
LSP Verification                  .         .          .           .           .          .
Termination                       .         .          .           .           .          .
Concurrency                       .         .          .           .           .          .
-------------------------------------------------------------------------------------------
Total                             4         .          .     3 (75%)           .    1 (25%)


max steps used for successful proof: 1

Analyzed 2 units
in unit main, 0 subprograms and packages out of 1 analyzed
  Main at main.adb:5 skipped
in unit primetest, 2 subprograms and packages out of 2 analyzed
  primeTest at primetest.ads:1 flow analyzed (0 errors, 0 checks and 0 warnings) and proved (0 checks)
  primeTest.IsPrime at primetest.ads:3 flow analyzed (0 errors, 0 checks and 0 warnings) and not proved, 3 checks out of 4 proved
