Summary of SPARK analysis
=========================

------------------------------------------------------------------------------------------------------------
SPARK Analysis results        Total      Flow   CodePeer                      Provers   Justified   Unproved
------------------------------------------------------------------------------------------------------------
Data Dependencies                 .         .          .                            .           .          .
Flow Dependencies                 .         .          .                            .           .          .
Initialization                    .         .          .                            .           .          .
Non-Aliasing                      .         .          .                            .           .          .
Run-time Checks                   6         .          .                     6 (CVC4)           .          .
Assertions                        3         .          .    3 (CVC4 67%, Trivial 33%)           .          .
Functional Contracts              .         .          .                            .           .          .
LSP Verification                  .         .          .                            .           .          .
Termination                       1         .          .                            .           .          1
Concurrency                       .         .          .                            .           .          .
------------------------------------------------------------------------------------------------------------
Total                            10         .          .                      9 (90%)           .    1 (10%)


max steps used for successful proof: 1

Analyzed 2 units
in unit f, 1 subprograms and packages out of 1 analyzed
  F at f.adb:5 flow analyzed (0 errors, 0 checks and 0 warnings) and not proved, 9 checks out of 10 proved
in unit main, 0 subprograms and packages out of 1 analyzed
  Main at main.adb:4 skipped
