Summary of SPARK analysis
=========================

---------------------------------------------------------------------------------------------
SPARK Analysis results        Total       Flow   CodePeer     Provers   Justified    Unproved
---------------------------------------------------------------------------------------------
Data Dependencies                 .          .          .           .           .           .
Flow Dependencies                 .          .          .           .           .           .
Initialization                    3          3          .           .           .           .
Non-Aliasing                      .          .          .           .           .           .
Run-time Checks                  10          .          .    3 (CVC4)           .           7
Assertions                        3          .          .    1 (CVC4)           .           2
Functional Contracts              1          .          .           .           .           1
LSP Verification                  .          .          .           .           .           .
Termination                       .          .          .           .           .           .
Concurrency                       .          .          .           .           .           .
---------------------------------------------------------------------------------------------
Total                            17    3 (18%)          .     4 (24%)           .    10 (59%)


max steps used for successful proof: 1

Analyzed 2 units
in unit main, 0 subprograms and packages out of 1 analyzed
  Main at main.adb:4 skipped
in unit poly, 2 subprograms and packages out of 2 analyzed
  Poly at poly.ads:1 flow analyzed (0 errors, 0 checks and 0 warnings) and proved (0 checks)
  Poly.Horner at poly.ads:3 flow analyzed (0 errors, 0 checks and 0 warnings) and not proved, 4 checks out of 14 proved
